TN:
SF:/Users/primary/Projects/IICO_repo/BasicMathLib/truffle/contracts/BasicMathLib.sol
FN:38,times
FN:55,dividedBy
FN:78,plus
FN:95,minus
FNF:4
FNH:4
FNDA:5,times
FNDA:5,dividedBy
FNDA:5,plus
FNDA:5,minus
DA:39,5
DA:56,5
DA:57,5
DA:79,5
DA:96,5
LF:5
LH:5
BRF:0
BRH:0
end_of_record
TN:
SF:/Users/primary/Projects/IICO_repo/BasicMathLib/truffle/contracts/BasicMathTestContract.sol
FN:8,getTimes
FN:12,getDividedBy
FN:16,getPlus
FN:20,getMinus
FNF:4
FNH:4
FNDA:5,getTimes
FNDA:5,getDividedBy
FNDA:5,getPlus
FNDA:5,getMinus
DA:9,5
DA:13,5
DA:17,5
DA:21,5
LF:4
LH:4
BRF:0
BRH:0
end_of_record
