TN:
SF:/Users/primary/Projects/IICO_repo/TokenLib/truffle/contracts/BasicMathLib.sol
FN:38,times
FN:55,dividedBy
FN:78,plus
FN:95,minus
FNF:4
FNH:4
FNDA:1,times
FNDA:1,dividedBy
FNDA:3,plus
FNDA:8,minus
DA:39,1
DA:56,1
DA:57,1
DA:79,3
DA:96,8
LF:5
LH:5
BRF:0
BRH:0
end_of_record
TN:
SF:/Users/primary/Projects/IICO_repo/TokenLib/truffle/contracts/ThrowProxy.sol
FN:7,ThrowProxy
FN:12,
FN:16,execute
FNF:3
FNH:3
FNDA:2,ThrowProxy
FNDA:10,
FNDA:11,execute
DA:8,2
DA:13,10
DA:17,11
LF:3
LH:3
BRF:0
BRH:0
end_of_record
TN:
SF:/Users/primary/Projects/IICO_repo/TokenLib/truffle/contracts/TokenLib.sol
FN:64,init
FN:90,transfer
FN:110,transferFrom
FN:140,balanceOf
FN:149,approve
FN:163,allowance
FN:176,approveChange
FN:204,changeOwner
FN:216,mintToken
FN:233,closeMint
FN:245,burnToken
FNF:11
FNH:11
FNDA:2,init
FNDA:3,transfer
FNDA:2,transferFrom
FNDA:2,balanceOf
FNDA:1,approve
FNDA:4,allowance
FNDA:4,approveChange
FNDA:3,changeOwner
FNDA:3,mintToken
FNDA:1,closeMint
FNDA:2,burnToken
DA:73,2
DA:74,2
DA:75,2
DA:76,2
DA:77,2
DA:78,2
DA:79,2
DA:80,2
DA:81,2
DA:82,2
DA:91,3
DA:92,3
DA:93,3
DA:95,3
DA:96,3
DA:97,2
DA:99,2
DA:100,2
DA:101,2
DA:117,2
DA:118,2
DA:119,2
DA:120,2
DA:122,2
DA:123,2
DA:125,1
DA:126,1
DA:128,1
DA:129,1
DA:130,1
DA:132,1
DA:133,1
DA:141,2
DA:151,1
DA:153,1
DA:154,1
DA:155,1
DA:166,4
DA:178,4
DA:179,4
DA:181,4
DA:182,2
DA:183,2
DA:185,2
DA:187,2
DA:188,1
DA:190,1
DA:191,1
DA:195,4
DA:196,4
DA:204,3
DA:206,2
DA:207,2
DA:208,2
DA:216,3
DA:217,1
DA:218,1
DA:220,1
DA:221,1
DA:223,1
DA:224,1
DA:225,1
DA:226,1
DA:233,1
DA:235,1
DA:236,1
DA:237,1
DA:245,2
DA:246,2
DA:248,2
DA:249,2
DA:251,1
DA:252,1
DA:253,1
DA:254,1
DA:255,1
LF:76
LH:76
BRDA:73,1,0,2
BRDA:73,1,1,0
BRDA:91,2,0,3
BRDA:91,2,1,0
BRDA:96,3,0,2
BRDA:96,3,1,1
BRDA:123,4,0,1
BRDA:123,4,1,1
BRDA:126,5,0,1
BRDA:126,5,1,0
BRDA:151,6,0,1
BRDA:151,6,1,0
BRDA:182,7,0,2
BRDA:182,7,1,2
BRDA:184,8,0,2
BRDA:184,8,1,0
BRDA:188,9,0,1
BRDA:188,9,1,1
BRDA:205,10,0,2
BRDA:205,10,1,1
BRDA:217,11,0,1
BRDA:217,11,1,2
BRDA:222,12,0,1
BRDA:222,12,1,0
BRDA:234,13,0,1
BRDA:234,13,1,0
BRDA:250,14,0,1
BRDA:250,14,1,1
BRF:28
BRH:21
end_of_record
TN:
SF:/Users/primary/Projects/IICO_repo/TokenLib/truffle/contracts/TokenLibTestContract.sol
FN:16,TokenLibTestContract
FN:26,owner
FN:30,name
FN:34,symbol
FN:38,decimals
FN:42,totalSupply
FN:46,initialSupply
FN:50,balanceOf
FN:54,allowance
FN:58,transfer
FN:62,transferFrom
FN:66,approve
FN:70,approveChange
FN:74,changeOwner
FN:78,mintToken
FN:82,closeMint
FN:86,burnToken
FNF:17
FNH:17
FNDA:2,TokenLibTestContract
FNDA:2,owner
FNDA:1,name
FNDA:1,symbol
FNDA:2,decimals
FNDA:4,totalSupply
FNDA:1,initialSupply
FNDA:2,balanceOf
FNDA:4,allowance
FNDA:3,transfer
FNDA:2,transferFrom
FNDA:1,approve
FNDA:4,approveChange
FNDA:3,changeOwner
FNDA:3,mintToken
FNDA:1,closeMint
FNDA:2,burnToken
DA:23,2
DA:27,2
DA:31,1
DA:35,1
DA:39,2
DA:43,4
DA:47,1
DA:51,2
DA:55,4
DA:59,3
DA:63,2
DA:67,1
DA:71,4
DA:75,3
DA:79,3
DA:83,1
DA:87,2
LF:17
LH:17
BRF:0
BRH:0
end_of_record
TN:
SF:/Users/primary/Projects/IICO_repo/TokenLib/truffle/contracts/TokenLibTestSpender.sol
FN:9,TokenLibTestSpender
FN:13,spend
FN:17,changeOwnerBack
FNF:3
FNH:3
FNDA:1,TokenLibTestSpender
FNDA:2,spend
FNDA:1,changeOwnerBack
DA:10,1
DA:14,2
DA:18,1
LF:3
LH:3
BRF:0
BRH:0
end_of_record
