TN:
SF:/Users/primary/Projects/IICO_repo/CrowdsaleLib/IICOLib/truffle/contracts/InteractiveCrowdsaleLib.sol
FN:144,init
FN:184,numDigits
FN:199,calculateTokenPurchase
FN:225,getCurrentBonus
FN:246,submitBid
FN:360,withdrawBid
FN:473,finalizeSale
FN:501,launchToken
FN:541,setCanceled
FN:554,retreiveFinalResult
FN:628,withdrawLeftoverWei
FN:633,withdrawOwnerEth
FN:638,crowdsaleActive
FN:642,crowdsaleEnded
FN:646,getPersonalCap
FN:650,getTokensSold
FNF:16
FNH:16
FNDA:6,init
FNDA:73,numDigits
FNDA:58,calculateTokenPurchase
FNDA:73,getCurrentBonus
FNDA:77,submitBid
FNDA:32,withdrawBid
FNDA:3,finalizeSale
FNDA:3,launchToken
FNDA:5,setCanceled
FNDA:57,retreiveFinalResult
FNDA:1,withdrawLeftoverWei
FNDA:1,withdrawOwnerEth
FNDA:1,crowdsaleActive
FNDA:1,crowdsaleEnded
FNDA:1,getPersonalCap
FNDA:1,getTokensSold
DA:157,6
DA:163,6
DA:164,6
DA:165,6
DA:166,6
DA:167,6
DA:168,6
DA:170,6
DA:171,6
DA:172,6
DA:173,6
DA:175,6
DA:176,6
DA:177,6
DA:178,6
DA:185,73
DA:186,73
DA:187,1450
DA:188,1450
DA:190,73
DA:206,58
DA:207,58
DA:211,58
DA:212,58
DA:214,58
DA:215,58
DA:216,58
DA:218,58
DA:226,73
DA:228,73
DA:229,73
DA:231,73
DA:232,73
DA:233,73
DA:234,73
DA:236,73
DA:250,77
DA:251,76
DA:253,75
DA:255,74
DA:257,74
DA:258,73
DA:259,73
DA:263,1
DA:269,73
DA:270,73
DA:271,73
DA:276,73
DA:277,73
DA:278,60
DA:279,60
DA:283,73
DA:286,73
DA:287,73
DA:290,73
DA:293,73
DA:294,73
DA:295,73
DA:296,73
DA:299,73
DA:303,59
DA:306,19
DA:307,19
DA:311,40
DA:312,40
DA:315,59
DA:317,55
DA:319,55
DA:322,18
DA:323,18
DA:326,55
DA:327,55
DA:330,4
DA:333,59
DA:335,14
DA:337,14
DA:340,45
DA:343,59
DA:345,1
DA:348,73
DA:349,73
DA:350,73
DA:351,73
DA:361,32
DA:363,32
DA:366,32
DA:367,2
DA:370,1
DA:386,29
DA:388,29
DA:390,29
DA:391,29
DA:393,29
DA:396,29
DA:401,30
DA:404,30
DA:407,30
DA:408,30
DA:409,30
DA:410,30
DA:411,30
DA:415,30
DA:418,22
DA:421,22
DA:423,6
DA:424,3
DA:427,6
DA:428,3
DA:431,3
DA:434,16
DA:435,3
DA:437,13
DA:441,22
DA:443,3
DA:444,3
DA:446,1
DA:448,1
DA:449,1
DA:451,0
DA:455,3
DA:457,3
DA:460,22
DA:461,22
DA:464,30
DA:465,30
DA:466,30
DA:473,3
DA:475,3
DA:477,3
DA:478,3
DA:480,3
DA:482,3
DA:483,2
DA:485,0
DA:486,0
DA:487,0
DA:490,2
DA:502,3
DA:504,3
DA:506,3
DA:508,3
DA:510,3
DA:512,3
DA:515,3
DA:523,3
DA:524,2
DA:526,1
DA:527,1
DA:530,3
DA:531,3
DA:533,3
DA:541,5
DA:544,5
DA:546,5
DA:554,57
DA:555,57
DA:557,57
DA:558,57
DA:560,57
DA:561,2
DA:562,2
DA:565,55
DA:567,1
DA:568,1
DA:569,1
DA:570,1
DA:573,54
DA:576,25
DA:579,25
DA:581,25
DA:586,0
DA:589,0
DA:592,0
DA:595,29
DA:596,29
DA:597,29
DA:599,29
DA:603,29
DA:604,29
DA:605,29
DA:608,29
DA:609,29
DA:610,29
DA:611,29
DA:612,29
DA:614,29
DA:617,29
DA:619,29
DA:629,1
DA:634,1
DA:638,1
DA:642,1
DA:646,1
DA:650,1
LF:194
LH:187
BRDA:163,1,0,6
BRDA:163,1,1,0
BRDA:164,2,0,6
BRDA:164,2,1,0
BRDA:165,3,0,6
BRDA:165,3,1,0
BRDA:166,4,0,6
BRDA:166,4,1,0
BRDA:167,5,0,6
BRDA:167,5,1,0
BRDA:168,6,0,6
BRDA:168,6,1,0
BRDA:213,7,0,58
BRDA:213,7,1,0
BRDA:235,8,0,73
BRDA:235,8,1,0
BRDA:251,9,0,76
BRDA:251,9,1,1
BRDA:252,10,0,75
BRDA:252,10,1,1
BRDA:254,11,0,74
BRDA:254,11,1,1
BRDA:258,12,0,73
BRDA:258,12,1,1
BRDA:259,13,0,73
BRDA:259,13,1,0
BRDA:264,14,0,0
BRDA:264,14,1,1
BRDA:271,15,0,73
BRDA:271,15,1,0
BRDA:272,16,0,73
BRDA:272,16,1,0
BRDA:278,17,0,60
BRDA:278,17,1,13
BRDA:300,18,0,59
BRDA:300,18,1,14
BRDA:304,19,0,19
BRDA:304,19,1,40
BRDA:308,20,0,15
BRDA:308,20,1,4
BRDA:316,21,0,55
BRDA:316,21,1,4
BRDA:334,22,0,14
BRDA:334,22,1,45
BRDA:345,23,0,1
BRDA:345,23,1,13
BRDA:362,24,0,32
BRDA:362,24,1,0
BRDA:367,25,0,2
BRDA:367,25,1,30
BRDA:368,26,0,1
BRDA:368,26,1,1
BRDA:374,27,0,29
BRDA:374,27,1,1
BRDA:416,28,0,22
BRDA:416,28,1,8
BRDA:422,29,0,6
BRDA:422,29,1,16
BRDA:424,30,0,3
BRDA:424,30,1,3
BRDA:428,31,0,3
BRDA:428,31,1,3
BRDA:435,32,0,3
BRDA:435,32,1,13
BRDA:442,33,0,3
BRDA:442,33,1,19
BRDA:449,34,0,1
BRDA:449,34,1,0
BRDA:456,35,0,2
BRDA:456,35,1,1
BRDA:474,36,0,3
BRDA:474,36,1,0
BRDA:475,37,0,3
BRDA:475,37,1,0
BRDA:476,38,0,3
BRDA:476,38,1,0
BRDA:479,39,0,3
BRDA:479,39,1,0
BRDA:483,40,0,2
BRDA:483,40,1,1
BRDA:484,41,0,0
BRDA:484,41,1,2
BRDA:524,42,0,2
BRDA:524,42,1,1
BRDA:545,43,0,1
BRDA:545,43,1,4
BRDA:555,44,0,57
BRDA:555,44,1,0
BRDA:556,45,0,57
BRDA:556,45,1,0
BRDA:561,46,0,2
BRDA:561,46,1,55
BRDA:562,47,0,2
BRDA:562,47,1,0
BRDA:563,48,0,0
BRDA:563,48,1,2
BRDA:566,49,0,1
BRDA:566,49,1,54
BRDA:574,50,0,25
BRDA:574,50,1,29
BRDA:584,51,0,0
BRDA:584,51,1,29
BRF:102
BRH:78
end_of_record
TN:
SF:/Users/primary/Projects/IICO_repo/CrowdsaleLib/IICOLib/truffle/contracts/InteractiveCrowdsaleTestContract.sol
FN:24,InteractiveCrowdsaleTestContract
FN:50,
FN:54,submitBid
FN:58,withdrawBid
FN:62,withdrawLeftoverWei
FN:66,retreiveFinalResult
FN:70,finalizeSale
FN:74,withdrawOwnerEth
FN:78,crowdsaleActive
FN:82,crowdsaleEnded
FN:86,getOwner
FN:90,getTokensPerEth
FN:94,getStartTime
FN:98,getEndTime
FN:102,getMinimumRaise
FN:106,getEndWithdrawlTime
FN:110,getCommittedCapital
FN:114,getContribution
FN:118,getLeftoverWei
FN:122,getPersonalCap
FN:126,getPrice
FN:130,getTokensSold
FN:134,getPercentBeingSold
FN:138,getCurrentBucket
FN:142,getTotalValuation
FN:146,getTokenAddress
FN:150,getValueCommitement
FN:154,getOwnerBalance
FNF:28
FNH:26
FNDA:6,InteractiveCrowdsaleTestContract
FNDA:0,
FNDA:77,submitBid
FNDA:32,withdrawBid
FNDA:1,withdrawLeftoverWei
FNDA:57,retreiveFinalResult
FNDA:3,finalizeSale
FNDA:1,withdrawOwnerEth
FNDA:1,crowdsaleActive
FNDA:1,crowdsaleEnded
FNDA:1,getOwner
FNDA:1,getTokensPerEth
FNDA:1,getStartTime
FNDA:1,getEndTime
FNDA:1,getMinimumRaise
FNDA:1,getEndWithdrawlTime
FNDA:1,getCommittedCapital
FNDA:112,getContribution
FNDA:165,getLeftoverWei
FNDA:1,getPersonalCap
FNDA:32,getPrice
FNDA:1,getTokensSold
FNDA:1,getPercentBeingSold
FNDA:55,getCurrentBucket
FNDA:4,getTotalValuation
FNDA:4,getTokenAddress
FNDA:0,getValueCommitement
FNDA:1,getOwnerBalance
DA:37,6
DA:51,0
DA:55,77
DA:59,32
DA:63,1
DA:67,57
DA:71,3
DA:75,1
DA:79,1
DA:83,1
DA:87,1
DA:91,1
DA:95,1
DA:99,1
DA:103,1
DA:107,1
DA:111,1
DA:115,112
DA:119,165
DA:123,1
DA:127,32
DA:131,1
DA:135,1
DA:139,55
DA:143,4
DA:147,4
DA:151,0
DA:155,1
LF:28
LH:26
BRF:0
BRH:0
end_of_record
