TN:
SF:/Users/primary/Projects/IICO_repo/LinkedListLib/truffle/contracts/LinkedListLib.sol
FN:51,listExists
FN:66,nodeExists
FN:83,sizeOf
FN:97,getNode
FN:111,getAdjacent
FN:127,getSortedSpot
FN:143,createLink
FN:153,insert
FN:167,remove
FN:179,push
FN:186,pop
FNF:11
FNH:11
FNDA:2,listExists
FNDA:95,nodeExists
FNDA:17,sizeOf
FNDA:10,getNode
FNDA:61,getAdjacent
FNDA:5,getSortedSpot
FNDA:20,createLink
FNDA:8,insert
FNDA:7,remove
FNDA:3,push
FNDA:2,pop
DA:56,2
DA:57,1
DA:59,1
DA:70,95
DA:71,26
DA:72,15
DA:74,11
DA:77,69
DA:84,17
DA:85,17
DA:86,17
DA:87,17
DA:88,32
DA:89,32
DA:91,17
DA:100,10
DA:101,1
DA:103,9
DA:114,61
DA:115,2
DA:117,59
DA:130,5
DA:131,4
DA:132,4
DA:133,4
DA:134,4
DA:135,4
DA:136,4
DA:144,20
DA:145,20
DA:154,8
DA:155,7
DA:156,7
DA:157,7
DA:158,7
DA:160,1
DA:168,7
DA:169,6
DA:170,6
DA:171,6
DA:172,6
DA:180,3
DA:187,2
DA:188,2
DA:190,2
DA:192,2
LF:46
LH:46
BRDA:56,1,0,1
BRDA:56,1,1,1
BRDA:70,2,0,26
BRDA:70,2,1,69
BRDA:71,3,0,15
BRDA:71,3,1,11
BRDA:100,4,0,1
BRDA:100,4,1,9
BRDA:114,5,0,2
BRDA:114,5,1,59
BRDA:130,6,0,1
BRDA:130,6,1,4
BRDA:131,7,0,4
BRDA:131,7,1,0
BRDA:154,8,0,7
BRDA:154,8,1,1
BRDA:168,9,0,1
BRDA:168,9,1,6
BRF:18
BRH:17
end_of_record
TN:
SF:/Users/primary/Projects/IICO_repo/LinkedListLib/truffle/contracts/LinkedListTestContract.sol
FN:17,listExists
FN:24,nodeExists
FN:29,sizeOf
FN:35,getNode
FN:44,getAdjacent
FN:55,getSortedSpot
FN:65,insert
FN:71,remove
FN:78,push
FN:84,pop
FNF:10
FNH:10
FNDA:2,listExists
FNDA:2,nodeExists
FNDA:12,sizeOf
FNDA:10,getNode
FNDA:6,getAdjacent
FNDA:5,getSortedSpot
FNDA:5,insert
FNDA:5,remove
FNDA:3,push
FNDA:2,pop
DA:20,2
DA:25,2
DA:30,12
DA:38,10
DA:47,6
DA:58,5
DA:66,5
DA:72,5
DA:79,3
DA:85,2
LF:10
LH:10
BRF:0
BRH:0
end_of_record
